rm: cannot remove `vswitchd_restart.log': No such file or directory
gh2 Starting mcast_client : /home/ofnet/ofnet/bin/cbin/mcast_client 10.0.0.2 &
gh5 Starting mcast_client : /home/ofnet/ofnet/bin/cbin/mcast_client 10.0.0.5 &
gh11 Starting mcast_client : /home/ofnet/ofnet/bin/cbin/mcast_client 10.0.0.11 &
gh13 Starting mcast_client : /home/ofnet/ofnet/bin/cbin/mcast_client 10.0.0.13 &
gh15 Starting mcast_client : /home/ofnet/ofnet/bin/cbin/mcast_client 10.0.0.15 &
gh16 Starting mcast_client : /home/ofnet/ofnet/bin/cbin/mcast_client 10.0.0.16 &
gh18 Starting mcast_client : /home/ofnet/ofnet/bin/cbin/mcast_client 10.0.0.18 &
gh21 Starting mcast_client : /home/ofnet/ofnet/bin/cbin/mcast_client 10.0.0.21 &
gh22 Starting mcast_client : /home/ofnet/ofnet/bin/cbin/mcast_client 10.0.0.22 &
gh24 Starting mcast_client : /home/ofnet/ofnet/bin/cbin/mcast_client 10.0.0.24 &
gh26 Starting mcast_client : /home/ofnet/ofnet/bin/cbin/mcast_client 10.0.0.26 &
gh28 Starting mcast_client : /home/ofnet/ofnet/bin/cbin/mcast_client 10.0.0.28 &
gh29 Starting mcast_client : /home/ofnet/ofnet/bin/cbin/mcast_client 10.0.0.29 &
gh32 Starting mcast_client : /home/ofnet/ofnet/bin/cbin/mcast_client 10.0.0.32 &
gh36 Starting mcast_client : /home/ofnet/ofnet/bin/cbin/mcast_client 10.0.0.36 &
gh38 Starting mcast_client : /home/ofnet/ofnet/bin/cbin/mcast_client 10.0.0.38 &
gh39 Starting mcast_client : /home/ofnet/ofnet/bin/cbin/mcast_client 10.0.0.39 &
gh40 Starting mcast_client : /home/ofnet/ofnet/bin/cbin/mcast_client 10.0.0.40 &
PARSING WARNING (in construct_graphs) : get_port_name_map ? :  switch 2 line 1
Field Name : actions Field Value : CONTROLLER:65535
 ACTION PORT : 65535
PARSING WARNING (in construct_graphs) : get_port_name_map ? :  switch 2 line 2
Field Name : actions Field Value : CONTROLLER:65535
 ACTION PORT : 65535
PARSING WARNING (in construct_graphs) : get_port_name_map ? :  switch 0 line 1
Field Name : actions Field Value : CONTROLLER:65535
 ACTION PORT : 65535
PARSING WARNING (in construct_graphs) : get_port_name_map ? :  switch 0 line 2
Field Name : actions Field Value : CONTROLLER:65535
 ACTION PORT : 65535
PARSING WARNING (in construct_graphs) : get_port_name_map ? :  switch 4 line 1
Field Name : actions Field Value : CONTROLLER:65535
 ACTION PORT : 65535
PARSING WARNING (in construct_graphs) : get_port_name_map ? :  switch 4 line 2
Field Name : actions Field Value : CONTROLLER:65535
 ACTION PORT : 65535
PARSING WARNING (in construct_graphs) : get_port_name_map ? :  switch 6 line 1
Field Name : actions Field Value : CONTROLLER:65535
 ACTION PORT : 65535
PARSING WARNING (in construct_graphs) : get_port_name_map ? :  switch 6 line 2
Field Name : actions Field Value : CONTROLLER:65535
 ACTION PORT : 65535
PARSING WARNING (in construct_graphs) : get_port_name_map ? :  switch 5 line 1
Field Name : actions Field Value : CONTROLLER:65535
 ACTION PORT : 65535
PARSING WARNING (in construct_graphs) : get_port_name_map ? :  switch 5 line 2
Field Name : actions Field Value : CONTROLLER:65535
 ACTION PORT : 65535
PARSING WARNING (in construct_graphs) : get_port_name_map ? :  switch 3 line 1
Field Name : actions Field Value : CONTROLLER:65535
 ACTION PORT : 65535
PARSING WARNING (in construct_graphs) : get_port_name_map ? :  switch 3 line 2
Field Name : actions Field Value : CONTROLLER:65535
 ACTION PORT : 65535
PARSING WARNING (in construct_graphs) : get_port_name_map ? :  switch 1 line 1
Field Name : actions Field Value : CONTROLLER:65535
 ACTION PORT : 65535
PARSING WARNING (in construct_graphs) : get_port_name_map ? :  switch 1 line 2
Field Name : actions Field Value : CONTROLLER:65535
 ACTION PORT : 65535
PARSING WARNING (in construct_graphs) : get_port_name_map ? :  switch 1 line 1
Field Name : actions Field Value : CONTROLLER:65535
 ACTION PORT : 65535
PARSING WARNING (in construct_graphs) : get_port_name_map ? :  switch 1 line 2
Field Name : actions Field Value : CONTROLLER:65535
 ACTION PORT : 65535
PARSING WARNING (in construct_graphs) : get_port_name_map ? :  switch 3 line 1
Field Name : actions Field Value : CONTROLLER:65535
 ACTION PORT : 65535
PARSING WARNING (in construct_graphs) : get_port_name_map ? :  switch 3 line 2
Field Name : actions Field Value : CONTROLLER:65535
 ACTION PORT : 65535
PARSING WARNING (in construct_graphs) : get_port_name_map ? :  switch 0 line 1
Field Name : actions Field Value : CONTROLLER:65535
 ACTION PORT : 65535
PARSING WARNING (in construct_graphs) : get_port_name_map ? :  switch 0 line 2
Field Name : actions Field Value : CONTROLLER:65535
 ACTION PORT : 65535
PARSING WARNING (in construct_graphs) : get_port_name_map ? :  switch 6 line 1
Field Name : actions Field Value : CONTROLLER:65535
 ACTION PORT : 65535
PARSING WARNING (in construct_graphs) : get_port_name_map ? :  switch 6 line 2
Field Name : actions Field Value : CONTROLLER:65535
 ACTION PORT : 65535
PARSING WARNING (in construct_graphs) : get_port_name_map ? :  switch 2 line 1
Field Name : actions Field Value : CONTROLLER:65535
 ACTION PORT : 65535
PARSING WARNING (in construct_graphs) : get_port_name_map ? :  switch 2 line 2
Field Name : actions Field Value : CONTROLLER:65535
 ACTION PORT : 65535
PARSING WARNING (in construct_graphs) : get_port_name_map ? :  switch 5 line 1
Field Name : actions Field Value : CONTROLLER:65535
 ACTION PORT : 65535
PARSING WARNING (in construct_graphs) : get_port_name_map ? :  switch 5 line 2
Field Name : actions Field Value : CONTROLLER:65535
 ACTION PORT : 65535
PARSING WARNING (in construct_graphs) : get_port_name_map ? :  switch 4 line 1
Field Name : actions Field Value : CONTROLLER:65535
 ACTION PORT : 65535
PARSING WARNING (in construct_graphs) : get_port_name_map ? :  switch 4 line 2
Field Name : actions Field Value : CONTROLLER:65535
 ACTION PORT : 65535
PARSING WARNING (in construct_graphs) : get_port_name_map ? :  switch 2 line 1
Field Name : actions Field Value : CONTROLLER:65535
 ACTION PORT : 65535
PARSING WARNING (in construct_graphs) : get_port_name_map ? :  switch 2 line 2
Field Name : actions Field Value : CONTROLLER:65535
 ACTION PORT : 65535
PARSING WARNING (in construct_graphs) : get_port_name_map ? :  switch 0 line 1
Field Name : actions Field Value : CONTROLLER:65535
 ACTION PORT : 65535
PARSING WARNING (in construct_graphs) : get_port_name_map ? :  switch 0 line 2
Field Name : actions Field Value : CONTROLLER:65535
 ACTION PORT : 65535
PARSING WARNING (in construct_graphs) : get_port_name_map ? :  switch 4 line 1
Field Name : actions Field Value : CONTROLLER:65535
 ACTION PORT : 65535
PARSING WARNING (in construct_graphs) : get_port_name_map ? :  switch 4 line 2
Field Name : actions Field Value : CONTROLLER:65535
 ACTION PORT : 65535
PARSING WARNING (in construct_graphs) : get_port_name_map ? :  switch 6 line 1
Field Name : actions Field Value : CONTROLLER:65535
 ACTION PORT : 65535
PARSING WARNING (in construct_graphs) : get_port_name_map ? :  switch 6 line 2
Field Name : actions Field Value : CONTROLLER:65535
 ACTION PORT : 65535
PARSING WARNING (in construct_graphs) : get_port_name_map ? :  switch 5 line 1
Field Name : actions Field Value : CONTROLLER:65535
 ACTION PORT : 65535
PARSING WARNING (in construct_graphs) : get_port_name_map ? :  switch 5 line 2
Field Name : actions Field Value : CONTROLLER:65535
 ACTION PORT : 65535
PARSING WARNING (in construct_graphs) : get_port_name_map ? :  switch 3 line 1
Field Name : actions Field Value : CONTROLLER:65535
 ACTION PORT : 65535
PARSING WARNING (in construct_graphs) : get_port_name_map ? :  switch 3 line 2
Field Name : actions Field Value : CONTROLLER:65535
 ACTION PORT : 65535
PARSING WARNING (in construct_graphs) : get_port_name_map ? :  switch 1 line 1
Field Name : actions Field Value : CONTROLLER:65535
 ACTION PORT : 65535
PARSING WARNING (in construct_graphs) : get_port_name_map ? :  switch 1 line 2
Field Name : actions Field Value : CONTROLLER:65535
 ACTION PORT : 65535
PARSING WARNING (in construct_graphs) : get_port_name_map ? :  switch 1 line 1
Field Name : actions Field Value : CONTROLLER:65535
 ACTION PORT : 65535
PARSING WARNING (in construct_graphs) : get_port_name_map ? :  switch 1 line 2
Field Name : actions Field Value : CONTROLLER:65535
 ACTION PORT : 65535
PARSING WARNING (in construct_graphs) : get_port_name_map ? :  switch 3 line 1
Field Name : actions Field Value : CONTROLLER:65535
 ACTION PORT : 65535
PARSING WARNING (in construct_graphs) : get_port_name_map ? :  switch 3 line 2
Field Name : actions Field Value : CONTROLLER:65535
 ACTION PORT : 65535
PARSING WARNING (in construct_graphs) : get_port_name_map ? :  switch 0 line 1
Field Name : actions Field Value : CONTROLLER:65535
 ACTION PORT : 65535
PARSING WARNING (in construct_graphs) : get_port_name_map ? :  switch 0 line 2
Field Name : actions Field Value : CONTROLLER:65535
 ACTION PORT : 65535
PARSING WARNING (in construct_graphs) : get_port_name_map ? :  switch 6 line 1
Field Name : actions Field Value : CONTROLLER:65535
 ACTION PORT : 65535
PARSING WARNING (in construct_graphs) : get_port_name_map ? :  switch 6 line 2
Field Name : actions Field Value : CONTROLLER:65535
 ACTION PORT : 65535
PARSING WARNING (in construct_graphs) : get_port_name_map ? :  switch 2 line 1
Field Name : actions Field Value : CONTROLLER:65535
 ACTION PORT : 65535
PARSING WARNING (in construct_graphs) : get_port_name_map ? :  switch 2 line 2
Field Name : actions Field Value : CONTROLLER:65535
 ACTION PORT : 65535
PARSING WARNING (in construct_graphs) : get_port_name_map ? :  switch 5 line 1
Field Name : actions Field Value : CONTROLLER:65535
 ACTION PORT : 65535
PARSING WARNING (in construct_graphs) : get_port_name_map ? :  switch 5 line 2
Field Name : actions Field Value : CONTROLLER:65535
 ACTION PORT : 65535
PARSING WARNING (in construct_graphs) : get_port_name_map ? :  switch 4 line 1
Field Name : actions Field Value : CONTROLLER:65535
 ACTION PORT : 65535
PARSING WARNING (in construct_graphs) : get_port_name_map ? :  switch 4 line 2
Field Name : actions Field Value : CONTROLLER:65535
 ACTION PORT : 65535
PARSING WARNING (in construct_graphs) : get_port_name_map ? :  switch 2 line 1
Field Name : actions Field Value : CONTROLLER:65535
 ACTION PORT : 65535
PARSING WARNING (in construct_graphs) : get_port_name_map ? :  switch 2 line 2
Field Name : actions Field Value : CONTROLLER:65535
 ACTION PORT : 65535
PARSING WARNING (in construct_graphs) : get_port_name_map ? :  switch 0 line 1
Field Name : actions Field Value : CONTROLLER:65535
 ACTION PORT : 65535
PARSING WARNING (in construct_graphs) : get_port_name_map ? :  switch 0 line 2
Field Name : actions Field Value : CONTROLLER:65535
 ACTION PORT : 65535
PARSING WARNING (in construct_graphs) : get_port_name_map ? :  switch 4 line 1
Field Name : actions Field Value : CONTROLLER:65535
 ACTION PORT : 65535
PARSING WARNING (in construct_graphs) : get_port_name_map ? :  switch 4 line 2
Field Name : actions Field Value : CONTROLLER:65535
 ACTION PORT : 65535
PARSING WARNING (in construct_graphs) : get_port_name_map ? :  switch 6 line 1
Field Name : actions Field Value : CONTROLLER:65535
 ACTION PORT : 65535
PARSING WARNING (in construct_graphs) : get_port_name_map ? :  switch 6 line 2
Field Name : actions Field Value : CONTROLLER:65535
 ACTION PORT : 65535
PARSING WARNING (in construct_graphs) : get_port_name_map ? :  switch 5 line 1
Field Name : actions Field Value : CONTROLLER:65535
 ACTION PORT : 65535
PARSING WARNING (in construct_graphs) : get_port_name_map ? :  switch 5 line 2
Field Name : actions Field Value : CONTROLLER:65535
 ACTION PORT : 65535
PARSING WARNING (in construct_graphs) : get_port_name_map ? :  switch 3 line 1
Field Name : actions Field Value : CONTROLLER:65535
 ACTION PORT : 65535
PARSING WARNING (in construct_graphs) : get_port_name_map ? :  switch 3 line 2
Field Name : actions Field Value : CONTROLLER:65535
 ACTION PORT : 65535
PARSING WARNING (in construct_graphs) : get_port_name_map ? :  switch 1 line 1
Field Name : actions Field Value : CONTROLLER:65535
 ACTION PORT : 65535
PARSING WARNING (in construct_graphs) : get_port_name_map ? :  switch 1 line 2
Field Name : actions Field Value : CONTROLLER:65535
 ACTION PORT : 65535
PARSING WARNING (in construct_graphs) : get_port_name_map ? :  switch 1 line 1
Field Name : actions Field Value : CONTROLLER:65535
 ACTION PORT : 65535
PARSING WARNING (in construct_graphs) : get_port_name_map ? :  switch 1 line 2
Field Name : actions Field Value : CONTROLLER:65535
 ACTION PORT : 65535
PARSING WARNING (in construct_graphs) : get_port_name_map ? :  switch 3 line 1
Field Name : actions Field Value : CONTROLLER:65535
 ACTION PORT : 65535
PARSING WARNING (in construct_graphs) : get_port_name_map ? :  switch 3 line 2
Field Name : actions Field Value : CONTROLLER:65535
 ACTION PORT : 65535
PARSING WARNING (in construct_graphs) : get_port_name_map ? :  switch 0 line 1
Field Name : actions Field Value : CONTROLLER:65535
 ACTION PORT : 65535
PARSING WARNING (in construct_graphs) : get_port_name_map ? :  switch 0 line 2
Field Name : actions Field Value : CONTROLLER:65535
 ACTION PORT : 65535
PARSING WARNING (in construct_graphs) : get_port_name_map ? :  switch 6 line 1
Field Name : actions Field Value : CONTROLLER:65535
 ACTION PORT : 65535
PARSING WARNING (in construct_graphs) : get_port_name_map ? :  switch 6 line 2
Field Name : actions Field Value : CONTROLLER:65535
 ACTION PORT : 65535
PARSING WARNING (in construct_graphs) : get_port_name_map ? :  switch 2 line 1
Field Name : actions Field Value : CONTROLLER:65535
 ACTION PORT : 65535
PARSING WARNING (in construct_graphs) : get_port_name_map ? :  switch 2 line 2
Field Name : actions Field Value : CONTROLLER:65535
 ACTION PORT : 65535
PARSING WARNING (in construct_graphs) : get_port_name_map ? :  switch 5 line 1
Field Name : actions Field Value : CONTROLLER:65535
 ACTION PORT : 65535
PARSING WARNING (in construct_graphs) : get_port_name_map ? :  switch 5 line 2
Field Name : actions Field Value : CONTROLLER:65535
 ACTION PORT : 65535
PARSING WARNING (in construct_graphs) : get_port_name_map ? :  switch 4 line 1
Field Name : actions Field Value : CONTROLLER:65535
 ACTION PORT : 65535
PARSING WARNING (in construct_graphs) : get_port_name_map ? :  switch 4 line 2
Field Name : actions Field Value : CONTROLLER:65535
 ACTION PORT : 65535
PARSING WARNING (in construct_graphs) : get_port_name_map ? :  switch 2 line 1
Field Name : actions Field Value : CONTROLLER:65535
 ACTION PORT : 65535
PARSING WARNING (in construct_graphs) : get_port_name_map ? :  switch 2 line 2
Field Name : actions Field Value : CONTROLLER:65535
 ACTION PORT : 65535
PARSING WARNING (in construct_graphs) : get_port_name_map ? :  switch 0 line 1
Field Name : actions Field Value : CONTROLLER:65535
 ACTION PORT : 65535
PARSING WARNING (in construct_graphs) : get_port_name_map ? :  switch 0 line 2
Field Name : actions Field Value : CONTROLLER:65535
 ACTION PORT : 65535
PARSING WARNING (in construct_graphs) : get_port_name_map ? :  switch 4 line 1
Field Name : actions Field Value : CONTROLLER:65535
 ACTION PORT : 65535
PARSING WARNING (in construct_graphs) : get_port_name_map ? :  switch 4 line 2
Field Name : actions Field Value : CONTROLLER:65535
 ACTION PORT : 65535
PARSING WARNING (in construct_graphs) : get_port_name_map ? :  switch 6 line 1
Field Name : actions Field Value : CONTROLLER:65535
 ACTION PORT : 65535
PARSING WARNING (in construct_graphs) : get_port_name_map ? :  switch 6 line 2
Field Name : actions Field Value : CONTROLLER:65535
 ACTION PORT : 65535
PARSING WARNING (in construct_graphs) : get_port_name_map ? :  switch 5 line 1
Field Name : actions Field Value : CONTROLLER:65535
 ACTION PORT : 65535
PARSING WARNING (in construct_graphs) : get_port_name_map ? :  switch 5 line 2
Field Name : actions Field Value : CONTROLLER:65535
 ACTION PORT : 65535
PARSING WARNING (in construct_graphs) : get_port_name_map ? :  switch 3 line 1
Field Name : actions Field Value : CONTROLLER:65535
 ACTION PORT : 65535
PARSING WARNING (in construct_graphs) : get_port_name_map ? :  switch 3 line 2
Field Name : actions Field Value : CONTROLLER:65535
 ACTION PORT : 65535
PARSING WARNING (in construct_graphs) : get_port_name_map ? :  switch 1 line 1
Field Name : actions Field Value : CONTROLLER:65535
 ACTION PORT : 65535
PARSING WARNING (in construct_graphs) : get_port_name_map ? :  switch 1 line 2
Field Name : actions Field Value : CONTROLLER:65535
 ACTION PORT : 65535
PARSING WARNING (in construct_graphs) : get_port_name_map ? :  switch 1 line 1
Field Name : actions Field Value : CONTROLLER:65535
 ACTION PORT : 65535
PARSING WARNING (in construct_graphs) : get_port_name_map ? :  switch 1 line 2
Field Name : actions Field Value : CONTROLLER:65535
 ACTION PORT : 65535
PARSING WARNING (in construct_graphs) : get_port_name_map ? :  switch 0 line 1
Field Name : actions Field Value : CONTROLLER:65535
 ACTION PORT : 65535
PARSING WARNING (in construct_graphs) : get_port_name_map ? :  switch 0 line 2
Field Name : actions Field Value : CONTROLLER:65535
 ACTION PORT : 65535
PARSING WARNING (in construct_graphs) : get_port_name_map ? :  switch 6 line 1
Field Name : actions Field Value : CONTROLLER:65535
 ACTION PORT : 65535
PARSING WARNING (in construct_graphs) : get_port_name_map ? :  switch 6 line 2
Field Name : actions Field Value : CONTROLLER:65535
 ACTION PORT : 65535
PARSING WARNING (in construct_graphs) : get_port_name_map ? :  switch 5 line 1
Field Name : actions Field Value : CONTROLLER:65535
 ACTION PORT : 65535
PARSING WARNING (in construct_graphs) : get_port_name_map ? :  switch 5 line 2
Field Name : actions Field Value : CONTROLLER:65535
 ACTION PORT : 65535
PARSING WARNING (in construct_graphs) : get_port_name_map ? :  switch 2 line 1
Field Name : actions Field Value : CONTROLLER:65535
 ACTION PORT : 65535
PARSING WARNING (in construct_graphs) : get_port_name_map ? :  switch 2 line 2
Field Name : actions Field Value : CONTROLLER:65535
 ACTION PORT : 65535
PARSING WARNING (in construct_graphs) : get_port_name_map ? :  switch 0 line 1
Field Name : actions Field Value : CONTROLLER:65535
 ACTION PORT : 65535
PARSING WARNING (in construct_graphs) : get_port_name_map ? :  switch 0 line 2
Field Name : actions Field Value : CONTROLLER:65535
 ACTION PORT : 65535
PARSING WARNING (in construct_graphs) : get_port_name_map ? :  switch 4 line 1
Field Name : actions Field Value : CONTROLLER:65535
 ACTION PORT : 65535
PARSING WARNING (in construct_graphs) : get_port_name_map ? :  switch 4 line 2
Field Name : actions Field Value : CONTROLLER:65535
 ACTION PORT : 65535
PARSING WARNING (in construct_graphs) : get_port_name_map ? :  switch 6 line 1
Field Name : actions Field Value : CONTROLLER:65535
 ACTION PORT : 65535
PARSING WARNING (in construct_graphs) : get_port_name_map ? :  switch 6 line 2
Field Name : actions Field Value : CONTROLLER:65535
 ACTION PORT : 65535
PARSING WARNING (in construct_graphs) : get_port_name_map ? :  switch 5 line 1
Field Name : actions Field Value : CONTROLLER:65535
 ACTION PORT : 65535
PARSING WARNING (in construct_graphs) : get_port_name_map ? :  switch 5 line 2
Field Name : actions Field Value : CONTROLLER:65535
 ACTION PORT : 65535
PARSING WARNING (in construct_graphs) : get_port_name_map ? :  switch 3 line 1
Field Name : actions Field Value : CONTROLLER:65535
 ACTION PORT : 65535
PARSING WARNING (in construct_graphs) : get_port_name_map ? :  switch 3 line 2
Field Name : actions Field Value : CONTROLLER:65535
 ACTION PORT : 65535
PARSING WARNING (in construct_graphs) : get_port_name_map ? :  switch 1 line 1
Field Name : actions Field Value : CONTROLLER:65535
 ACTION PORT : 65535
PARSING WARNING (in construct_graphs) : get_port_name_map ? :  switch 1 line 2
Field Name : actions Field Value : CONTROLLER:65535
 ACTION PORT : 65535
PARSING WARNING (in construct_graphs) : get_port_name_map ? :  switch 1 line 1
Field Name : actions Field Value : CONTROLLER:65535
 ACTION PORT : 65535
PARSING WARNING (in construct_graphs) : get_port_name_map ? :  switch 1 line 2
Field Name : actions Field Value : CONTROLLER:65535
 ACTION PORT : 65535
PARSING WARNING (in construct_graphs) : get_port_name_map ? :  switch 3 line 1
Field Name : actions Field Value : CONTROLLER:65535
 ACTION PORT : 65535
PARSING WARNING (in construct_graphs) : get_port_name_map ? :  switch 3 line 2
Field Name : actions Field Value : CONTROLLER:65535
 ACTION PORT : 65535
PARSING WARNING (in construct_graphs) : get_port_name_map ? :  switch 0 line 1
Field Name : actions Field Value : CONTROLLER:65535
 ACTION PORT : 65535
PARSING WARNING (in construct_graphs) : get_port_name_map ? :  switch 0 line 2
Field Name : actions Field Value : CONTROLLER:65535
 ACTION PORT : 65535
PARSING WARNING (in construct_graphs) : get_port_name_map ? :  switch 6 line 1
Field Name : actions Field Value : CONTROLLER:65535
 ACTION PORT : 65535
PARSING WARNING (in construct_graphs) : get_port_name_map ? :  switch 6 line 2
Field Name : actions Field Value : CONTROLLER:65535
 ACTION PORT : 65535
PARSING WARNING (in construct_graphs) : get_port_name_map ? :  switch 2 line 1
Field Name : actions Field Value : CONTROLLER:65535
 ACTION PORT : 65535
PARSING WARNING (in construct_graphs) : get_port_name_map ? :  switch 2 line 2
Field Name : actions Field Value : CONTROLLER:65535
 ACTION PORT : 65535
PARSING WARNING (in construct_graphs) : get_port_name_map ? :  switch 5 line 1
Field Name : actions Field Value : CONTROLLER:65535
 ACTION PORT : 65535
PARSING WARNING (in construct_graphs) : get_port_name_map ? :  switch 5 line 2
Field Name : actions Field Value : CONTROLLER:65535
 ACTION PORT : 65535
PARSING WARNING (in construct_graphs) : get_port_name_map ? :  switch 4 line 1
Field Name : actions Field Value : CONTROLLER:65535
 ACTION PORT : 65535
PARSING WARNING (in construct_graphs) : get_port_name_map ? :  switch 4 line 2
Field Name : actions Field Value : CONTROLLER:65535
 ACTION PORT : 65535
