rm: cannot remove `vswitchd_restart.log': No such file or directory
gh1 Starting mcast_client : /home/ofnet/ofnet/bin/cbin/mcast_client 10.0.0.1 &
gh2 Starting mcast_client : /home/ofnet/ofnet/bin/cbin/mcast_client 10.0.0.2 &
gh6 Starting mcast_client : /home/ofnet/ofnet/bin/cbin/mcast_client 10.0.0.6 &
gh10 Starting mcast_client : /home/ofnet/ofnet/bin/cbin/mcast_client 10.0.0.10 &
gh11 Starting mcast_client : /home/ofnet/ofnet/bin/cbin/mcast_client 10.0.0.11 &
gh15 Starting mcast_client : /home/ofnet/ofnet/bin/cbin/mcast_client 10.0.0.15 &
gh14 Starting mcast_client : /home/ofnet/ofnet/bin/cbin/mcast_client 10.0.0.14 &
gh18 Starting mcast_client : /home/ofnet/ofnet/bin/cbin/mcast_client 10.0.0.18 &
gh21 Starting mcast_client : /home/ofnet/ofnet/bin/cbin/mcast_client 10.0.0.21 &
gh26 Starting mcast_client : /home/ofnet/ofnet/bin/cbin/mcast_client 10.0.0.26 &
gh32 Starting mcast_client : /home/ofnet/ofnet/bin/cbin/mcast_client 10.0.0.32 &
gh33 Starting mcast_client : /home/ofnet/ofnet/bin/cbin/mcast_client 10.0.0.33 &
gh38 Starting mcast_client : /home/ofnet/ofnet/bin/cbin/mcast_client 10.0.0.38 &
gh39 Starting mcast_client : /home/ofnet/ofnet/bin/cbin/mcast_client 10.0.0.39 &
PARSING WARNING (in construct_graphs) : get_port_name_map ? :  switch 2 line 12
Field Name : actions Field Value : CONTROLLER:65535
 ACTION PORT : 65535
PARSING ERROR (construct_graphs) : unknown port spec : drop
 switch 2 line 103
PARSING WARNING (in construct_graphs) : get_port_name_map ? :  switch 1 line 4
Field Name : actions Field Value : CONTROLLER:65535
 ACTION PORT : 65535
PARSING ERROR (construct_graphs) : unknown port spec : drop
 switch 1 line 5
PARSING WARNING (in construct_graphs) : get_port_name_map ? :  switch 2 line 12
Field Name : actions Field Value : CONTROLLER:65535
 ACTION PORT : 65535
PARSING ERROR (construct_graphs) : unknown port spec : drop
 switch 2 line 103
PARSING WARNING (in construct_graphs) : get_port_name_map ? :  switch 1 line 4
Field Name : actions Field Value : CONTROLLER:65535
 ACTION PORT : 65535
PARSING ERROR (construct_graphs) : unknown port spec : drop
 switch 1 line 5
PARSING WARNING (in construct_graphs) : get_port_name_map ? :  switch 2 line 12
Field Name : actions Field Value : CONTROLLER:65535
 ACTION PORT : 65535
PARSING ERROR (construct_graphs) : unknown port spec : drop
 switch 2 line 103
PARSING WARNING (in construct_graphs) : get_port_name_map ? :  switch 1 line 4
Field Name : actions Field Value : CONTROLLER:65535
 ACTION PORT : 65535
PARSING ERROR (construct_graphs) : unknown port spec : drop
 switch 1 line 5
PARSING WARNING (in construct_graphs) : get_port_name_map ? :  switch 2 line 12
Field Name : actions Field Value : CONTROLLER:65535
 ACTION PORT : 65535
PARSING ERROR (construct_graphs) : unknown port spec : drop
 switch 2 line 103
PARSING WARNING (in construct_graphs) : get_port_name_map ? :  switch 1 line 4
Field Name : actions Field Value : CONTROLLER:65535
 ACTION PORT : 65535
PARSING ERROR (construct_graphs) : unknown port spec : drop
 switch 1 line 5
PARSING WARNING (in construct_graphs) : get_port_name_map ? :  switch 2 line 12
Field Name : actions Field Value : CONTROLLER:65535
 ACTION PORT : 65535
PARSING ERROR (construct_graphs) : unknown port spec : drop
 switch 2 line 103
PARSING WARNING (in construct_graphs) : get_port_name_map ? :  switch 1 line 4
Field Name : actions Field Value : CONTROLLER:65535
 ACTION PORT : 65535
PARSING ERROR (construct_graphs) : unknown port spec : drop
 switch 1 line 5
PARSING WARNING (in construct_graphs) : get_port_name_map ? :  switch 2 line 12
Field Name : actions Field Value : CONTROLLER:65535
 ACTION PORT : 65535
PARSING ERROR (construct_graphs) : unknown port spec : drop
 switch 2 line 85
PARSING WARNING (in construct_graphs) : get_port_name_map ? :  switch 1 line 4
Field Name : actions Field Value : CONTROLLER:65535
 ACTION PORT : 65535
PARSING ERROR (construct_graphs) : unknown port spec : drop
 switch 1 line 5
