rm: cannot remove `failed_events.log': No such file or directory
rm: cannot remove `vswitchd_restart.log': No such file or directory
gh2 Starting mcast_client : /home/ofnet/ofnet/bin/cbin/mcast_client 10.0.0.2 &
gh4 Starting mcast_client : /home/ofnet/ofnet/bin/cbin/mcast_client 10.0.0.4 &
gh3 Starting mcast_client : /home/ofnet/ofnet/bin/cbin/mcast_client 10.0.0.3 &
gh10 Starting mcast_client : /home/ofnet/ofnet/bin/cbin/mcast_client 10.0.0.10 &
gh11 Starting mcast_client : /home/ofnet/ofnet/bin/cbin/mcast_client 10.0.0.11 &
gh9 Starting mcast_client : /home/ofnet/ofnet/bin/cbin/mcast_client 10.0.0.9 &
gh14 Starting mcast_client : /home/ofnet/ofnet/bin/cbin/mcast_client 10.0.0.14 &
gh16 Starting mcast_client : /home/ofnet/ofnet/bin/cbin/mcast_client 10.0.0.16 &
gh17 Starting mcast_client : /home/ofnet/ofnet/bin/cbin/mcast_client 10.0.0.17 &
gh22 Starting mcast_client : /home/ofnet/ofnet/bin/cbin/mcast_client 10.0.0.22 &
gh25 Starting mcast_client : /home/ofnet/ofnet/bin/cbin/mcast_client 10.0.0.25 &
gh32 Starting mcast_client : /home/ofnet/ofnet/bin/cbin/mcast_client 10.0.0.32 &
gh36 Starting mcast_client : /home/ofnet/ofnet/bin/cbin/mcast_client 10.0.0.36 &
PARSING WARNING (in construct_graphs) : get_port_name_map ? :  switch 2 line 1
Field Name : actions Field Value : CONTROLLER:65535
 ACTION PORT : 65535
PARSING WARNING (in construct_graphs) : get_port_name_map ? :  switch 2 line 2
Field Name : actions Field Value : CONTROLLER:65535
 ACTION PORT : 65535
PARSING WARNING (in construct_graphs) : get_port_name_map ? :  switch 0 line 1
Field Name : actions Field Value : CONTROLLER:65535
 ACTION PORT : 65535
PARSING WARNING (in construct_graphs) : get_port_name_map ? :  switch 0 line 2
Field Name : actions Field Value : CONTROLLER:65535
 ACTION PORT : 65535
PARSING WARNING (in construct_graphs) : get_port_name_map ? :  switch 4 line 1
Field Name : actions Field Value : CONTROLLER:65535
 ACTION PORT : 65535
PARSING WARNING (in construct_graphs) : get_port_name_map ? :  switch 4 line 2
Field Name : actions Field Value : CONTROLLER:65535
 ACTION PORT : 65535
PARSING WARNING (in construct_graphs) : get_port_name_map ? :  switch 6 line 1
Field Name : actions Field Value : CONTROLLER:65535
 ACTION PORT : 65535
PARSING WARNING (in construct_graphs) : get_port_name_map ? :  switch 6 line 2
Field Name : actions Field Value : CONTROLLER:65535
 ACTION PORT : 65535
PARSING WARNING (in construct_graphs) : get_port_name_map ? :  switch 5 line 1
Field Name : actions Field Value : CONTROLLER:65535
 ACTION PORT : 65535
PARSING WARNING (in construct_graphs) : get_port_name_map ? :  switch 5 line 2
Field Name : actions Field Value : CONTROLLER:65535
 ACTION PORT : 65535
PARSING WARNING (in construct_graphs) : get_port_name_map ? :  switch 3 line 1
Field Name : actions Field Value : CONTROLLER:65535
 ACTION PORT : 65535
PARSING WARNING (in construct_graphs) : get_port_name_map ? :  switch 3 line 2
Field Name : actions Field Value : CONTROLLER:65535
 ACTION PORT : 65535
PARSING WARNING (in construct_graphs) : get_port_name_map ? :  switch 1 line 1
Field Name : actions Field Value : CONTROLLER:65535
 ACTION PORT : 65535
PARSING WARNING (in construct_graphs) : get_port_name_map ? :  switch 1 line 2
Field Name : actions Field Value : CONTROLLER:65535
 ACTION PORT : 65535
PARSING WARNING (in construct_graphs) : get_port_name_map ? :  switch 1 line 1
Field Name : actions Field Value : CONTROLLER:65535
 ACTION PORT : 65535
PARSING WARNING (in construct_graphs) : get_port_name_map ? :  switch 1 line 2
Field Name : actions Field Value : CONTROLLER:65535
 ACTION PORT : 65535
PARSING WARNING (in construct_graphs) : get_port_name_map ? :  switch 3 line 1
Field Name : actions Field Value : CONTROLLER:65535
 ACTION PORT : 65535
PARSING WARNING (in construct_graphs) : get_port_name_map ? :  switch 3 line 2
Field Name : actions Field Value : CONTROLLER:65535
 ACTION PORT : 65535
PARSING WARNING (in construct_graphs) : get_port_name_map ? :  switch 0 line 1
Field Name : actions Field Value : CONTROLLER:65535
 ACTION PORT : 65535
PARSING WARNING (in construct_graphs) : get_port_name_map ? :  switch 0 line 2
Field Name : actions Field Value : CONTROLLER:65535
 ACTION PORT : 65535
PARSING WARNING (in construct_graphs) : get_port_name_map ? :  switch 6 line 1
Field Name : actions Field Value : CONTROLLER:65535
 ACTION PORT : 65535
PARSING WARNING (in construct_graphs) : get_port_name_map ? :  switch 6 line 2
Field Name : actions Field Value : CONTROLLER:65535
 ACTION PORT : 65535
PARSING WARNING (in construct_graphs) : get_port_name_map ? :  switch 2 line 1
Field Name : actions Field Value : CONTROLLER:65535
 ACTION PORT : 65535
PARSING WARNING (in construct_graphs) : get_port_name_map ? :  switch 2 line 2
Field Name : actions Field Value : CONTROLLER:65535
 ACTION PORT : 65535
PARSING WARNING (in construct_graphs) : get_port_name_map ? :  switch 5 line 1
Field Name : actions Field Value : CONTROLLER:65535
 ACTION PORT : 65535
PARSING WARNING (in construct_graphs) : get_port_name_map ? :  switch 5 line 2
Field Name : actions Field Value : CONTROLLER:65535
 ACTION PORT : 65535
PARSING WARNING (in construct_graphs) : get_port_name_map ? :  switch 4 line 1
Field Name : actions Field Value : CONTROLLER:65535
 ACTION PORT : 65535
PARSING WARNING (in construct_graphs) : get_port_name_map ? :  switch 4 line 2
Field Name : actions Field Value : CONTROLLER:65535
 ACTION PORT : 65535
PARSING WARNING (in construct_graphs) : get_port_name_map ? :  switch 2 line 1
Field Name : actions Field Value : CONTROLLER:65535
 ACTION PORT : 65535
PARSING WARNING (in construct_graphs) : get_port_name_map ? :  switch 2 line 2
Field Name : actions Field Value : CONTROLLER:65535
 ACTION PORT : 65535
PARSING WARNING (in construct_graphs) : get_port_name_map ? :  switch 0 line 1
Field Name : actions Field Value : CONTROLLER:65535
 ACTION PORT : 65535
PARSING WARNING (in construct_graphs) : get_port_name_map ? :  switch 0 line 2
Field Name : actions Field Value : CONTROLLER:65535
 ACTION PORT : 65535
PARSING WARNING (in construct_graphs) : get_port_name_map ? :  switch 4 line 1
Field Name : actions Field Value : CONTROLLER:65535
 ACTION PORT : 65535
PARSING WARNING (in construct_graphs) : get_port_name_map ? :  switch 4 line 2
Field Name : actions Field Value : CONTROLLER:65535
 ACTION PORT : 65535
PARSING WARNING (in construct_graphs) : get_port_name_map ? :  switch 6 line 1
Field Name : actions Field Value : CONTROLLER:65535
 ACTION PORT : 65535
PARSING WARNING (in construct_graphs) : get_port_name_map ? :  switch 6 line 2
Field Name : actions Field Value : CONTROLLER:65535
 ACTION PORT : 65535
PARSING WARNING (in construct_graphs) : get_port_name_map ? :  switch 5 line 1
Field Name : actions Field Value : CONTROLLER:65535
 ACTION PORT : 65535
PARSING WARNING (in construct_graphs) : get_port_name_map ? :  switch 5 line 2
Field Name : actions Field Value : CONTROLLER:65535
 ACTION PORT : 65535
PARSING WARNING (in construct_graphs) : get_port_name_map ? :  switch 3 line 1
Field Name : actions Field Value : CONTROLLER:65535
 ACTION PORT : 65535
PARSING WARNING (in construct_graphs) : get_port_name_map ? :  switch 3 line 2
Field Name : actions Field Value : CONTROLLER:65535
 ACTION PORT : 65535
PARSING WARNING (in construct_graphs) : get_port_name_map ? :  switch 1 line 1
Field Name : actions Field Value : CONTROLLER:65535
 ACTION PORT : 65535
PARSING WARNING (in construct_graphs) : get_port_name_map ? :  switch 1 line 2
Field Name : actions Field Value : CONTROLLER:65535
 ACTION PORT : 65535
PARSING WARNING (in construct_graphs) : get_port_name_map ? :  switch 1 line 1
Field Name : actions Field Value : CONTROLLER:65535
 ACTION PORT : 65535
PARSING WARNING (in construct_graphs) : get_port_name_map ? :  switch 1 line 2
Field Name : actions Field Value : CONTROLLER:65535
 ACTION PORT : 65535
PARSING WARNING (in construct_graphs) : get_port_name_map ? :  switch 3 line 1
Field Name : actions Field Value : CONTROLLER:65535
 ACTION PORT : 65535
PARSING WARNING (in construct_graphs) : get_port_name_map ? :  switch 3 line 2
Field Name : actions Field Value : CONTROLLER:65535
 ACTION PORT : 65535
PARSING WARNING (in construct_graphs) : get_port_name_map ? :  switch 0 line 1
Field Name : actions Field Value : CONTROLLER:65535
 ACTION PORT : 65535
PARSING WARNING (in construct_graphs) : get_port_name_map ? :  switch 0 line 2
Field Name : actions Field Value : CONTROLLER:65535
 ACTION PORT : 65535
PARSING WARNING (in construct_graphs) : get_port_name_map ? :  switch 6 line 1
Field Name : actions Field Value : CONTROLLER:65535
 ACTION PORT : 65535
PARSING WARNING (in construct_graphs) : get_port_name_map ? :  switch 6 line 2
Field Name : actions Field Value : CONTROLLER:65535
 ACTION PORT : 65535
PARSING WARNING (in construct_graphs) : get_port_name_map ? :  switch 2 line 1
Field Name : actions Field Value : CONTROLLER:65535
 ACTION PORT : 65535
PARSING WARNING (in construct_graphs) : get_port_name_map ? :  switch 2 line 2
Field Name : actions Field Value : CONTROLLER:65535
 ACTION PORT : 65535
PARSING WARNING (in construct_graphs) : get_port_name_map ? :  switch 5 line 1
Field Name : actions Field Value : CONTROLLER:65535
 ACTION PORT : 65535
PARSING WARNING (in construct_graphs) : get_port_name_map ? :  switch 5 line 2
Field Name : actions Field Value : CONTROLLER:65535
 ACTION PORT : 65535
PARSING WARNING (in construct_graphs) : get_port_name_map ? :  switch 4 line 1
Field Name : actions Field Value : CONTROLLER:65535
 ACTION PORT : 65535
PARSING WARNING (in construct_graphs) : get_port_name_map ? :  switch 4 line 2
Field Name : actions Field Value : CONTROLLER:65535
 ACTION PORT : 65535
PARSING WARNING (in construct_graphs) : get_port_name_map ? :  switch 2 line 1
Field Name : actions Field Value : CONTROLLER:65535
 ACTION PORT : 65535
PARSING WARNING (in construct_graphs) : get_port_name_map ? :  switch 2 line 2
Field Name : actions Field Value : CONTROLLER:65535
 ACTION PORT : 65535
PARSING WARNING (in construct_graphs) : get_port_name_map ? :  switch 0 line 1
Field Name : actions Field Value : CONTROLLER:65535
 ACTION PORT : 65535
PARSING WARNING (in construct_graphs) : get_port_name_map ? :  switch 0 line 2
Field Name : actions Field Value : CONTROLLER:65535
 ACTION PORT : 65535
PARSING WARNING (in construct_graphs) : get_port_name_map ? :  switch 4 line 1
Field Name : actions Field Value : CONTROLLER:65535
 ACTION PORT : 65535
PARSING WARNING (in construct_graphs) : get_port_name_map ? :  switch 4 line 2
Field Name : actions Field Value : CONTROLLER:65535
 ACTION PORT : 65535
PARSING WARNING (in construct_graphs) : get_port_name_map ? :  switch 6 line 1
Field Name : actions Field Value : CONTROLLER:65535
 ACTION PORT : 65535
PARSING WARNING (in construct_graphs) : get_port_name_map ? :  switch 6 line 2
Field Name : actions Field Value : CONTROLLER:65535
 ACTION PORT : 65535
PARSING WARNING (in construct_graphs) : get_port_name_map ? :  switch 5 line 1
Field Name : actions Field Value : CONTROLLER:65535
 ACTION PORT : 65535
PARSING WARNING (in construct_graphs) : get_port_name_map ? :  switch 5 line 2
Field Name : actions Field Value : CONTROLLER:65535
 ACTION PORT : 65535
PARSING WARNING (in construct_graphs) : get_port_name_map ? :  switch 3 line 1
Field Name : actions Field Value : CONTROLLER:65535
 ACTION PORT : 65535
PARSING WARNING (in construct_graphs) : get_port_name_map ? :  switch 3 line 2
Field Name : actions Field Value : CONTROLLER:65535
 ACTION PORT : 65535
PARSING WARNING (in construct_graphs) : get_port_name_map ? :  switch 1 line 1
Field Name : actions Field Value : CONTROLLER:65535
 ACTION PORT : 65535
PARSING WARNING (in construct_graphs) : get_port_name_map ? :  switch 1 line 2
Field Name : actions Field Value : CONTROLLER:65535
 ACTION PORT : 65535
PARSING WARNING (in construct_graphs) : get_port_name_map ? :  switch 1 line 1
Field Name : actions Field Value : CONTROLLER:65535
 ACTION PORT : 65535
PARSING WARNING (in construct_graphs) : get_port_name_map ? :  switch 1 line 2
Field Name : actions Field Value : CONTROLLER:65535
 ACTION PORT : 65535
PARSING WARNING (in construct_graphs) : get_port_name_map ? :  switch 3 line 1
Field Name : actions Field Value : CONTROLLER:65535
 ACTION PORT : 65535
PARSING WARNING (in construct_graphs) : get_port_name_map ? :  switch 3 line 2
Field Name : actions Field Value : CONTROLLER:65535
 ACTION PORT : 65535
PARSING WARNING (in construct_graphs) : get_port_name_map ? :  switch 0 line 1
Field Name : actions Field Value : CONTROLLER:65535
 ACTION PORT : 65535
PARSING WARNING (in construct_graphs) : get_port_name_map ? :  switch 0 line 2
Field Name : actions Field Value : CONTROLLER:65535
 ACTION PORT : 65535
PARSING WARNING (in construct_graphs) : get_port_name_map ? :  switch 6 line 1
Field Name : actions Field Value : CONTROLLER:65535
 ACTION PORT : 65535
PARSING WARNING (in construct_graphs) : get_port_name_map ? :  switch 6 line 2
Field Name : actions Field Value : CONTROLLER:65535
 ACTION PORT : 65535
PARSING WARNING (in construct_graphs) : get_port_name_map ? :  switch 2 line 1
Field Name : actions Field Value : CONTROLLER:65535
 ACTION PORT : 65535
PARSING WARNING (in construct_graphs) : get_port_name_map ? :  switch 2 line 2
Field Name : actions Field Value : CONTROLLER:65535
 ACTION PORT : 65535
PARSING WARNING (in construct_graphs) : get_port_name_map ? :  switch 5 line 1
Field Name : actions Field Value : CONTROLLER:65535
 ACTION PORT : 65535
PARSING WARNING (in construct_graphs) : get_port_name_map ? :  switch 5 line 2
Field Name : actions Field Value : CONTROLLER:65535
 ACTION PORT : 65535
PARSING WARNING (in construct_graphs) : get_port_name_map ? :  switch 4 line 1
Field Name : actions Field Value : CONTROLLER:65535
 ACTION PORT : 65535
PARSING WARNING (in construct_graphs) : get_port_name_map ? :  switch 4 line 2
Field Name : actions Field Value : CONTROLLER:65535
 ACTION PORT : 65535
PARSING WARNING (in construct_graphs) : get_port_name_map ? :  switch 2 line 1
Field Name : actions Field Value : CONTROLLER:65535
 ACTION PORT : 65535
PARSING WARNING (in construct_graphs) : get_port_name_map ? :  switch 2 line 2
Field Name : actions Field Value : CONTROLLER:65535
 ACTION PORT : 65535
PARSING WARNING (in construct_graphs) : get_port_name_map ? :  switch 0 line 1
Field Name : actions Field Value : CONTROLLER:65535
 ACTION PORT : 65535
PARSING WARNING (in construct_graphs) : get_port_name_map ? :  switch 0 line 2
Field Name : actions Field Value : CONTROLLER:65535
 ACTION PORT : 65535
PARSING WARNING (in construct_graphs) : get_port_name_map ? :  switch 4 line 1
Field Name : actions Field Value : CONTROLLER:65535
 ACTION PORT : 65535
PARSING WARNING (in construct_graphs) : get_port_name_map ? :  switch 4 line 2
Field Name : actions Field Value : CONTROLLER:65535
 ACTION PORT : 65535
PARSING WARNING (in construct_graphs) : get_port_name_map ? :  switch 6 line 1
Field Name : actions Field Value : CONTROLLER:65535
 ACTION PORT : 65535
PARSING WARNING (in construct_graphs) : get_port_name_map ? :  switch 6 line 2
Field Name : actions Field Value : CONTROLLER:65535
 ACTION PORT : 65535
PARSING WARNING (in construct_graphs) : get_port_name_map ? :  switch 5 line 1
Field Name : actions Field Value : CONTROLLER:65535
 ACTION PORT : 65535
PARSING WARNING (in construct_graphs) : get_port_name_map ? :  switch 5 line 2
Field Name : actions Field Value : CONTROLLER:65535
 ACTION PORT : 65535
PARSING WARNING (in construct_graphs) : get_port_name_map ? :  switch 3 line 1
Field Name : actions Field Value : CONTROLLER:65535
 ACTION PORT : 65535
PARSING WARNING (in construct_graphs) : get_port_name_map ? :  switch 3 line 2
Field Name : actions Field Value : CONTROLLER:65535
 ACTION PORT : 65535
PARSING WARNING (in construct_graphs) : get_port_name_map ? :  switch 1 line 1
Field Name : actions Field Value : CONTROLLER:65535
 ACTION PORT : 65535
PARSING WARNING (in construct_graphs) : get_port_name_map ? :  switch 1 line 2
Field Name : actions Field Value : CONTROLLER:65535
 ACTION PORT : 65535
PARSING WARNING (in construct_graphs) : get_port_name_map ? :  switch 1 line 1
Field Name : actions Field Value : CONTROLLER:65535
 ACTION PORT : 65535
PARSING WARNING (in construct_graphs) : get_port_name_map ? :  switch 1 line 2
Field Name : actions Field Value : CONTROLLER:65535
 ACTION PORT : 65535
PARSE ERROR. Ignored flow line 

, file : later/switch_1_later_flowdump.txt
PARSING WARNING (in construct_graphs) : get_port_name_map ? :  switch 3 line 1
Field Name : actions Field Value : CONTROLLER:65535
 ACTION PORT : 65535
PARSING WARNING (in construct_graphs) : get_port_name_map ? :  switch 3 line 2
Field Name : actions Field Value : CONTROLLER:65535
 ACTION PORT : 65535
PARSING WARNING (in construct_graphs) : get_port_name_map ? :  switch 0 line 1
Field Name : actions Field Value : CONTROLLER:65535
 ACTION PORT : 65535
PARSING WARNING (in construct_graphs) : get_port_name_map ? :  switch 0 line 2
Field Name : actions Field Value : CONTROLLER:65535
 ACTION PORT : 65535
PARSING WARNING (in construct_graphs) : get_port_name_map ? :  switch 6 line 1
Field Name : actions Field Value : CONTROLLER:65535
 ACTION PORT : 65535
PARSING WARNING (in construct_graphs) : get_port_name_map ? :  switch 6 line 2
Field Name : actions Field Value : CONTROLLER:65535
 ACTION PORT : 65535
PARSE ERROR. Ignored flow line 5

, file : later/switch_6_later_flowdump.txt
PARSING WARNING (in construct_graphs) : get_port_name_map ? :  switch 2 line 1
Field Name : actions Field Value : CONTROLLER:65535
 ACTION PORT : 65535
PARSING WARNING (in construct_graphs) : get_port_name_map ? :  switch 2 line 2
Field Name : actions Field Value : CONTROLLER:65535
 ACTION PORT : 65535
PARSING WARNING (in construct_graphs) : get_port_name_map ? :  switch 5 line 1
Field Name : actions Field Value : CONTROLLER:65535
 ACTION PORT : 65535
PARSING WARNING (in construct_graphs) : get_port_name_map ? :  switch 5 line 2
Field Name : actions Field Value : CONTROLLER:65535
 ACTION PORT : 65535
PARSING WARNING (in construct_graphs) : get_port_name_map ? :  switch 4 line 1
Field Name : actions Field Value : CONTROLLER:65535
 ACTION PORT : 65535
PARSING WARNING (in construct_graphs) : get_port_name_map ? :  switch 4 line 2
Field Name : actions Field Value : CONTROLLER:65535
 ACTION PORT : 65535
